{"/Users/telkom/Projects/loker-test/github-repositories-explorer/src/App.tsx": {"path":"/Users/telkom/Projects/loker-test/github-repositories-explorer/src/App.tsx","all":false,"statementMap":{"0":{"start":{"line":1,"column":0},"end":{"line":1,"column":73}},"1":{"start":{"line":2,"column":0},"end":{"line":2,"column":36}},"2":{"start":{"line":3,"column":0},"end":{"line":3,"column":19}},"4":{"start":{"line":5,"column":0},"end":{"line":5,"column":37}},"6":{"start":{"line":7,"column":0},"end":{"line":7,"column":31}},"7":{"start":{"line":8,"column":0},"end":{"line":8,"column":10}},"8":{"start":{"line":9,"column":0},"end":{"line":9,"column":46}},"9":{"start":{"line":10,"column":0},"end":{"line":10,"column":19}},"10":{"start":{"line":11,"column":0},"end":{"line":11,"column":26}},"12":{"start":{"line":13,"column":0},"end":{"line":13,"column":2}}},"s":{"0":1,"1":1,"2":1,"4":1,"6":5,"7":5,"8":5,"9":5,"10":5,"12":1},"branchMap":{"0":{"type":"branch","line":7,"loc":{"start":{"line":7,"column":0},"end":{"line":13,"column":1}},"locations":[{"start":{"line":7,"column":0},"end":{"line":13,"column":1}}]}},"b":{"0":[5]},"fnMap":{"0":{"name":"App","decl":{"start":{"line":7,"column":0},"end":{"line":13,"column":1}},"loc":{"start":{"line":7,"column":0},"end":{"line":13,"column":1}},"line":7}},"f":{"0":5}}
,"/Users/telkom/Projects/loker-test/github-repositories-explorer/src/DetailUser.tsx": {"path":"/Users/telkom/Projects/loker-test/github-repositories-explorer/src/DetailUser.tsx","all":false,"statementMap":{"0":{"start":{"line":1,"column":0},"end":{"line":1,"column":33}},"1":{"start":{"line":2,"column":0},"end":{"line":2,"column":49}},"2":{"start":{"line":3,"column":0},"end":{"line":3,"column":52}},"3":{"start":{"line":4,"column":0},"end":{"line":4,"column":56}},"4":{"start":{"line":5,"column":0},"end":{"line":5,"column":41}},"6":{"start":{"line":7,"column":0},"end":{"line":7,"column":48}},"8":{"start":{"line":9,"column":0},"end":{"line":9,"column":54}},"9":{"start":{"line":10,"column":0},"end":{"line":10,"column":46}},"11":{"start":{"line":12,"column":0},"end":{"line":12,"column":10}},"12":{"start":{"line":13,"column":0},"end":{"line":13,"column":10}},"13":{"start":{"line":14,"column":0},"end":{"line":14,"column":15}},"14":{"start":{"line":15,"column":0},"end":{"line":15,"column":13}},"15":{"start":{"line":16,"column":0},"end":{"line":16,"column":10}},"16":{"start":{"line":17,"column":0},"end":{"line":17,"column":16}},"17":{"start":{"line":18,"column":0},"end":{"line":18,"column":38}},"18":{"start":{"line":19,"column":0},"end":{"line":19,"column":44}},"19":{"start":{"line":20,"column":0},"end":{"line":20,"column":31}},"20":{"start":{"line":21,"column":0},"end":{"line":21,"column":13}},"21":{"start":{"line":22,"column":0},"end":{"line":22,"column":5}},"23":{"start":{"line":24,"column":0},"end":{"line":24,"column":51}},"25":{"start":{"line":26,"column":0},"end":{"line":26,"column":10}},"26":{"start":{"line":27,"column":0},"end":{"line":27,"column":6}},"27":{"start":{"line":28,"column":0},"end":{"line":28,"column":69}},"28":{"start":{"line":29,"column":0},"end":{"line":29,"column":49}},"29":{"start":{"line":30,"column":0},"end":{"line":30,"column":15}},"30":{"start":{"line":31,"column":0},"end":{"line":31,"column":46}},"31":{"start":{"line":32,"column":0},"end":{"line":32,"column":35}},"33":{"start":{"line":34,"column":0},"end":{"line":34,"column":21}},"34":{"start":{"line":35,"column":0},"end":{"line":35,"column":77}},"36":{"start":{"line":37,"column":0},"end":{"line":37,"column":81}},"38":{"start":{"line":39,"column":0},"end":{"line":39,"column":17}},"39":{"start":{"line":40,"column":0},"end":{"line":40,"column":12}},"41":{"start":{"line":42,"column":0},"end":{"line":42,"column":18}},"42":{"start":{"line":43,"column":0},"end":{"line":43,"column":50}},"43":{"start":{"line":44,"column":0},"end":{"line":44,"column":25}},"44":{"start":{"line":45,"column":0},"end":{"line":45,"column":45}},"45":{"start":{"line":46,"column":0},"end":{"line":46,"column":44}},"46":{"start":{"line":47,"column":0},"end":{"line":47,"column":18}},"48":{"start":{"line":49,"column":0},"end":{"line":49,"column":22}},"49":{"start":{"line":50,"column":0},"end":{"line":50,"column":57}},"50":{"start":{"line":51,"column":0},"end":{"line":51,"column":43}},"51":{"start":{"line":52,"column":0},"end":{"line":52,"column":68}},"52":{"start":{"line":53,"column":0},"end":{"line":53,"column":18}},"53":{"start":{"line":54,"column":0},"end":{"line":54,"column":36}},"54":{"start":{"line":55,"column":0},"end":{"line":55,"column":45}},"55":{"start":{"line":56,"column":0},"end":{"line":56,"column":42}},"56":{"start":{"line":57,"column":0},"end":{"line":57,"column":18}},"58":{"start":{"line":59,"column":0},"end":{"line":59,"column":49}},"59":{"start":{"line":60,"column":0},"end":{"line":60,"column":43}},"60":{"start":{"line":61,"column":0},"end":{"line":61,"column":97}},"61":{"start":{"line":62,"column":0},"end":{"line":62,"column":56}},"62":{"start":{"line":63,"column":0},"end":{"line":63,"column":55}},"63":{"start":{"line":64,"column":0},"end":{"line":64,"column":33}},"64":{"start":{"line":65,"column":0},"end":{"line":65,"column":25}},"65":{"start":{"line":66,"column":0},"end":{"line":66,"column":43}},"66":{"start":{"line":67,"column":0},"end":{"line":67,"column":70}},"67":{"start":{"line":68,"column":0},"end":{"line":68,"column":24}},"68":{"start":{"line":69,"column":0},"end":{"line":69,"column":24}},"69":{"start":{"line":70,"column":0},"end":{"line":70,"column":65}},"70":{"start":{"line":71,"column":0},"end":{"line":71,"column":50}},"71":{"start":{"line":72,"column":0},"end":{"line":72,"column":94}},"72":{"start":{"line":73,"column":0},"end":{"line":73,"column":24}},"73":{"start":{"line":74,"column":0},"end":{"line":74,"column":22}},"74":{"start":{"line":75,"column":0},"end":{"line":75,"column":17}},"75":{"start":{"line":76,"column":0},"end":{"line":76,"column":18}},"77":{"start":{"line":78,"column":0},"end":{"line":78,"column":14}},"79":{"start":{"line":80,"column":0},"end":{"line":80,"column":7}},"81":{"start":{"line":82,"column":0},"end":{"line":82,"column":1}}},"s":{"0":1,"1":1,"2":1,"3":1,"4":1,"6":1,"8":55,"9":55,"11":55,"12":55,"13":55,"14":55,"15":55,"16":55,"17":55,"18":55,"19":55,"20":55,"21":55,"23":55,"25":55,"26":55,"27":55,"28":55,"29":55,"30":55,"31":55,"33":55,"34":6,"36":49,"38":55,"39":55,"41":55,"42":6,"43":6,"44":1,"45":1,"46":1,"48":6,"49":1,"50":1,"51":1,"52":1,"53":5,"54":2,"55":2,"56":2,"58":3,"59":3,"60":2,"61":2,"62":2,"63":2,"64":2,"65":2,"66":2,"67":2,"68":2,"69":2,"70":2,"71":2,"72":2,"73":2,"74":3,"75":3,"77":6,"79":55,"81":55},"branchMap":{"0":{"type":"branch","line":9,"loc":{"start":{"line":9,"column":0},"end":{"line":82,"column":1}},"locations":[{"start":{"line":9,"column":0},"end":{"line":82,"column":1}}]},"1":{"type":"branch","line":34,"loc":{"start":{"line":34,"column":11},"end":{"line":35,"column":77}},"locations":[{"start":{"line":34,"column":11},"end":{"line":35,"column":77}}]},"2":{"type":"branch","line":35,"loc":{"start":{"line":35,"column":75},"end":{"line":37,"column":81}},"locations":[{"start":{"line":35,"column":75},"end":{"line":37,"column":81}}]},"3":{"type":"branch","line":42,"loc":{"start":{"line":42,"column":7},"end":{"line":78,"column":14}},"locations":[{"start":{"line":42,"column":7},"end":{"line":78,"column":14}}]},"4":{"type":"branch","line":44,"loc":{"start":{"line":44,"column":11},"end":{"line":47,"column":18}},"locations":[{"start":{"line":44,"column":11},"end":{"line":47,"column":18}}]},"5":{"type":"branch","line":49,"loc":{"start":{"line":49,"column":11},"end":{"line":53,"column":18}},"locations":[{"start":{"line":49,"column":11},"end":{"line":53,"column":18}}]},"6":{"type":"branch","line":53,"loc":{"start":{"line":53,"column":12},"end":{"line":76,"column":18}},"locations":[{"start":{"line":53,"column":12},"end":{"line":76,"column":18}}]},"7":{"type":"branch","line":54,"loc":{"start":{"line":54,"column":14},"end":{"line":54,"column":31}},"locations":[{"start":{"line":54,"column":14},"end":{"line":54,"column":31}}]},"8":{"type":"branch","line":54,"loc":{"start":{"line":54,"column":31},"end":{"line":57,"column":18}},"locations":[{"start":{"line":54,"column":31},"end":{"line":57,"column":18}}]},"9":{"type":"branch","line":57,"loc":{"start":{"line":57,"column":12},"end":{"line":76,"column":18}},"locations":[{"start":{"line":57,"column":12},"end":{"line":76,"column":18}}]},"10":{"type":"branch","line":60,"loc":{"start":{"line":60,"column":15},"end":{"line":60,"column":25}},"locations":[{"start":{"line":60,"column":15},"end":{"line":60,"column":25}}]},"11":{"type":"branch","line":19,"loc":{"start":{"line":19,"column":13},"end":{"line":19,"column":44}},"locations":[{"start":{"line":19,"column":13},"end":{"line":19,"column":44}}]},"12":{"type":"branch","line":24,"loc":{"start":{"line":24,"column":26},"end":{"line":24,"column":51}},"locations":[{"start":{"line":24,"column":26},"end":{"line":24,"column":51}}]},"13":{"type":"branch","line":60,"loc":{"start":{"line":60,"column":25},"end":{"line":74,"column":22}},"locations":[{"start":{"line":60,"column":25},"end":{"line":74,"column":22}}]}},"b":{"0":[55],"1":[6],"2":[49],"3":[6],"4":[1],"5":[1],"6":[5],"7":[3],"8":[2],"9":[3],"10":[1],"11":[2],"12":[7],"13":[2]},"fnMap":{"0":{"name":"CardDetails","decl":{"start":{"line":9,"column":0},"end":{"line":82,"column":1}},"loc":{"start":{"line":9,"column":0},"end":{"line":82,"column":1}},"line":9},"1":{"name":"queryFn","decl":{"start":{"line":19,"column":13},"end":{"line":19,"column":44}},"loc":{"start":{"line":19,"column":13},"end":{"line":19,"column":44}},"line":19},"2":{"name":"toggleAccordion","decl":{"start":{"line":24,"column":26},"end":{"line":24,"column":51}},"loc":{"start":{"line":24,"column":26},"end":{"line":24,"column":51}},"line":24}},"f":{"0":55,"1":2,"2":7}}
,"/Users/telkom/Projects/loker-test/github-repositories-explorer/src/FindUsers.tsx": {"path":"/Users/telkom/Projects/loker-test/github-repositories-explorer/src/FindUsers.tsx","all":false,"statementMap":{"0":{"start":{"line":1,"column":0},"end":{"line":1,"column":52}},"1":{"start":{"line":2,"column":0},"end":{"line":2,"column":57}},"2":{"start":{"line":3,"column":0},"end":{"line":3,"column":39}},"3":{"start":{"line":4,"column":0},"end":{"line":4,"column":41}},"5":{"start":{"line":6,"column":0},"end":{"line":6,"column":37}},"6":{"start":{"line":7,"column":0},"end":{"line":7,"column":35}},"7":{"start":{"line":8,"column":0},"end":{"line":8,"column":47}},"9":{"start":{"line":10,"column":0},"end":{"line":10,"column":9}},"10":{"start":{"line":11,"column":0},"end":{"line":11,"column":9}},"11":{"start":{"line":12,"column":0},"end":{"line":12,"column":18}},"12":{"start":{"line":13,"column":0},"end":{"line":13,"column":16}},"13":{"start":{"line":14,"column":0},"end":{"line":14,"column":23}},"14":{"start":{"line":15,"column":0},"end":{"line":15,"column":11}},"15":{"start":{"line":16,"column":0},"end":{"line":16,"column":14}},"16":{"start":{"line":17,"column":0},"end":{"line":17,"column":11}},"17":{"start":{"line":18,"column":0},"end":{"line":18,"column":24}},"18":{"start":{"line":19,"column":0},"end":{"line":19,"column":34}},"19":{"start":{"line":20,"column":0},"end":{"line":20,"column":68}},"20":{"start":{"line":21,"column":0},"end":{"line":21,"column":24}},"21":{"start":{"line":22,"column":0},"end":{"line":22,"column":44}},"22":{"start":{"line":23,"column":0},"end":{"line":23,"column":62}},"23":{"start":{"line":24,"column":0},"end":{"line":24,"column":40}},"24":{"start":{"line":25,"column":0},"end":{"line":25,"column":59}},"25":{"start":{"line":26,"column":0},"end":{"line":26,"column":6}},"26":{"start":{"line":27,"column":0},"end":{"line":27,"column":19}},"27":{"start":{"line":28,"column":0},"end":{"line":28,"column":5}},"29":{"start":{"line":30,"column":0},"end":{"line":30,"column":30}},"30":{"start":{"line":31,"column":0},"end":{"line":31,"column":33}},"31":{"start":{"line":32,"column":0},"end":{"line":32,"column":16}},"32":{"start":{"line":33,"column":0},"end":{"line":33,"column":5}},"33":{"start":{"line":34,"column":0},"end":{"line":34,"column":4}},"35":{"start":{"line":36,"column":0},"end":{"line":36,"column":19}},"36":{"start":{"line":37,"column":0},"end":{"line":37,"column":46}},"37":{"start":{"line":38,"column":0},"end":{"line":38,"column":20}},"38":{"start":{"line":39,"column":0},"end":{"line":39,"column":78}},"39":{"start":{"line":40,"column":0},"end":{"line":40,"column":26}},"40":{"start":{"line":41,"column":0},"end":{"line":41,"column":9}},"41":{"start":{"line":42,"column":0},"end":{"line":42,"column":8}},"42":{"start":{"line":43,"column":0},"end":{"line":43,"column":24}},"43":{"start":{"line":44,"column":0},"end":{"line":44,"column":6}},"45":{"start":{"line":46,"column":0},"end":{"line":46,"column":47}},"46":{"start":{"line":47,"column":0},"end":{"line":47,"column":25}},"47":{"start":{"line":48,"column":0},"end":{"line":48,"column":39}},"48":{"start":{"line":49,"column":0},"end":{"line":49,"column":5}},"50":{"start":{"line":51,"column":0},"end":{"line":51,"column":18}},"51":{"start":{"line":52,"column":0},"end":{"line":52,"column":27}},"52":{"start":{"line":53,"column":0},"end":{"line":53,"column":43}},"53":{"start":{"line":54,"column":0},"end":{"line":54,"column":7}},"54":{"start":{"line":55,"column":0},"end":{"line":55,"column":6}},"55":{"start":{"line":56,"column":0},"end":{"line":56,"column":68}},"57":{"start":{"line":58,"column":0},"end":{"line":58,"column":88}},"58":{"start":{"line":59,"column":0},"end":{"line":59,"column":75}},"59":{"start":{"line":60,"column":0},"end":{"line":60,"column":21}},"60":{"start":{"line":61,"column":0},"end":{"line":61,"column":5}},"61":{"start":{"line":62,"column":0},"end":{"line":62,"column":4}},"63":{"start":{"line":64,"column":0},"end":{"line":64,"column":10}},"64":{"start":{"line":65,"column":0},"end":{"line":65,"column":62}},"65":{"start":{"line":66,"column":0},"end":{"line":66,"column":73}},"66":{"start":{"line":67,"column":0},"end":{"line":67,"column":50}},"67":{"start":{"line":68,"column":0},"end":{"line":68,"column":17}},"68":{"start":{"line":69,"column":0},"end":{"line":69,"column":24}},"69":{"start":{"line":70,"column":0},"end":{"line":70,"column":29}},"70":{"start":{"line":71,"column":0},"end":{"line":71,"column":57}},"71":{"start":{"line":72,"column":0},"end":{"line":72,"column":37}},"72":{"start":{"line":73,"column":0},"end":{"line":73,"column":40}},"73":{"start":{"line":74,"column":0},"end":{"line":74,"column":72}},"74":{"start":{"line":75,"column":0},"end":{"line":75,"column":44}},"75":{"start":{"line":76,"column":0},"end":{"line":76,"column":12}},"76":{"start":{"line":77,"column":0},"end":{"line":77,"column":17}},"77":{"start":{"line":78,"column":0},"end":{"line":78,"column":34}},"78":{"start":{"line":79,"column":0},"end":{"line":79,"column":73}},"79":{"start":{"line":80,"column":0},"end":{"line":80,"column":32}},"80":{"start":{"line":81,"column":0},"end":{"line":81,"column":31}},"82":{"start":{"line":83,"column":0},"end":{"line":83,"column":51}},"83":{"start":{"line":84,"column":0},"end":{"line":84,"column":19}},"84":{"start":{"line":85,"column":0},"end":{"line":85,"column":34}},"85":{"start":{"line":86,"column":0},"end":{"line":86,"column":83}},"87":{"start":{"line":88,"column":0},"end":{"line":88,"column":71}},"88":{"start":{"line":89,"column":0},"end":{"line":89,"column":76}},"90":{"start":{"line":91,"column":0},"end":{"line":91,"column":69}},"91":{"start":{"line":92,"column":0},"end":{"line":92,"column":75}},"93":{"start":{"line":94,"column":0},"end":{"line":94,"column":47}},"94":{"start":{"line":95,"column":0},"end":{"line":95,"column":52}},"95":{"start":{"line":96,"column":0},"end":{"line":96,"column":22}},"96":{"start":{"line":97,"column":0},"end":{"line":97,"column":69}},"97":{"start":{"line":98,"column":0},"end":{"line":98,"column":102}},"98":{"start":{"line":99,"column":0},"end":{"line":99,"column":22}},"100":{"start":{"line":101,"column":0},"end":{"line":101,"column":15}},"101":{"start":{"line":102,"column":0},"end":{"line":102,"column":16}},"102":{"start":{"line":103,"column":0},"end":{"line":103,"column":98}},"103":{"start":{"line":104,"column":0},"end":{"line":104,"column":69}},"104":{"start":{"line":105,"column":0},"end":{"line":105,"column":14}},"105":{"start":{"line":106,"column":0},"end":{"line":106,"column":12}},"106":{"start":{"line":107,"column":0},"end":{"line":107,"column":14}},"108":{"start":{"line":109,"column":0},"end":{"line":109,"column":1}}},"s":{"0":1,"1":1,"2":1,"3":1,"5":12,"6":12,"7":12,"9":12,"10":12,"11":12,"12":12,"13":12,"14":12,"15":12,"16":12,"17":12,"18":12,"19":12,"20":12,"21":12,"22":2,"23":2,"24":2,"25":2,"26":12,"27":12,"29":12,"30":2,"31":2,"32":2,"33":2,"35":12,"36":12,"37":12,"38":2,"39":1,"40":1,"41":2,"42":12,"43":12,"45":12,"46":12,"47":5,"48":5,"50":12,"51":12,"52":5,"53":5,"54":12,"55":12,"57":12,"58":1,"59":1,"60":1,"61":1,"63":12,"64":12,"65":12,"66":12,"67":12,"68":12,"69":12,"70":12,"71":12,"72":12,"73":12,"74":12,"75":12,"76":12,"77":12,"78":12,"79":12,"80":12,"82":12,"83":12,"84":12,"85":1,"87":12,"88":1,"90":12,"91":9,"93":12,"94":12,"95":10,"96":10,"97":10,"98":10,"100":12,"101":12,"102":12,"103":12,"104":12,"105":12,"106":12,"108":12},"branchMap":{"0":{"type":"branch","line":6,"loc":{"start":{"line":6,"column":0},"end":{"line":109,"column":1}},"locations":[{"start":{"line":6,"column":0},"end":{"line":109,"column":1}}]},"1":{"type":"branch","line":83,"loc":{"start":{"line":83,"column":13},"end":{"line":83,"column":42}},"locations":[{"start":{"line":83,"column":13},"end":{"line":83,"column":42}}]},"2":{"type":"branch","line":83,"loc":{"start":{"line":83,"column":25},"end":{"line":83,"column":51}},"locations":[{"start":{"line":83,"column":25},"end":{"line":83,"column":51}}]},"3":{"type":"branch","line":85,"loc":{"start":{"line":85,"column":22},"end":{"line":86,"column":83}},"locations":[{"start":{"line":85,"column":22},"end":{"line":86,"column":83}}]},"4":{"type":"branch","line":88,"loc":{"start":{"line":88,"column":22},"end":{"line":88,"column":71}},"locations":[{"start":{"line":88,"column":22},"end":{"line":88,"column":71}}]},"5":{"type":"branch","line":88,"loc":{"start":{"line":88,"column":65},"end":{"line":89,"column":76}},"locations":[{"start":{"line":88,"column":65},"end":{"line":89,"column":76}}]},"6":{"type":"branch","line":91,"loc":{"start":{"line":91,"column":22},"end":{"line":91,"column":69}},"locations":[{"start":{"line":91,"column":22},"end":{"line":91,"column":69}}]},"7":{"type":"branch","line":91,"loc":{"start":{"line":91,"column":63},"end":{"line":92,"column":75}},"locations":[{"start":{"line":91,"column":63},"end":{"line":92,"column":75}}]},"8":{"type":"branch","line":95,"loc":{"start":{"line":95,"column":13},"end":{"line":95,"column":30}},"locations":[{"start":{"line":95,"column":13},"end":{"line":95,"column":30}}]},"9":{"type":"branch","line":103,"loc":{"start":{"line":103,"column":11},"end":{"line":103,"column":98}},"locations":[{"start":{"line":103,"column":11},"end":{"line":103,"column":98}}]},"10":{"type":"branch","line":104,"loc":{"start":{"line":104,"column":11},"end":{"line":104,"column":69}},"locations":[{"start":{"line":104,"column":11},"end":{"line":104,"column":69}}]},"11":{"type":"branch","line":20,"loc":{"start":{"line":20,"column":13},"end":{"line":20,"column":68}},"locations":[{"start":{"line":20,"column":13},"end":{"line":20,"column":68}}]},"12":{"type":"branch","line":22,"loc":{"start":{"line":22,"column":22},"end":{"line":26,"column":6}},"locations":[{"start":{"line":22,"column":22},"end":{"line":26,"column":6}}]},"13":{"type":"branch","line":25,"loc":{"start":{"line":25,"column":25},"end":{"line":25,"column":49}},"locations":[{"start":{"line":25,"column":25},"end":{"line":25,"column":49}}]},"14":{"type":"branch","line":25,"loc":{"start":{"line":25,"column":38},"end":{"line":25,"column":59}},"locations":[{"start":{"line":25,"column":38},"end":{"line":25,"column":59}}]},"15":{"type":"branch","line":30,"loc":{"start":{"line":30,"column":23},"end":{"line":34,"column":4}},"locations":[{"start":{"line":30,"column":23},"end":{"line":34,"column":4}}]},"16":{"type":"branch","line":36,"loc":{"start":{"line":36,"column":12},"end":{"line":56,"column":5}},"locations":[{"start":{"line":36,"column":12},"end":{"line":56,"column":5}}]},"17":{"type":"branch","line":47,"loc":{"start":{"line":47,"column":24},"end":{"line":49,"column":5}},"locations":[{"start":{"line":47,"column":24},"end":{"line":49,"column":5}}]},"18":{"type":"branch","line":38,"loc":{"start":{"line":38,"column":6},"end":{"line":42,"column":8}},"locations":[{"start":{"line":38,"column":6},"end":{"line":42,"column":8}}]},"19":{"type":"branch","line":39,"loc":{"start":{"line":39,"column":77},"end":{"line":41,"column":9}},"locations":[{"start":{"line":39,"column":77},"end":{"line":41,"column":9}}]},"20":{"type":"branch","line":51,"loc":{"start":{"line":51,"column":11},"end":{"line":55,"column":6}},"locations":[{"start":{"line":51,"column":11},"end":{"line":55,"column":6}}]},"21":{"type":"branch","line":52,"loc":{"start":{"line":52,"column":26},"end":{"line":54,"column":7}},"locations":[{"start":{"line":52,"column":26},"end":{"line":54,"column":7}}]},"22":{"type":"branch","line":58,"loc":{"start":{"line":58,"column":24},"end":{"line":62,"column":4}},"locations":[{"start":{"line":58,"column":24},"end":{"line":62,"column":4}}]},"23":{"type":"branch","line":71,"loc":{"start":{"line":71,"column":22},"end":{"line":71,"column":57}},"locations":[{"start":{"line":71,"column":22},"end":{"line":71,"column":57}}]},"24":{"type":"branch","line":95,"loc":{"start":{"line":95,"column":30},"end":{"line":101,"column":13}},"locations":[{"start":{"line":95,"column":30},"end":{"line":101,"column":13}}]},"25":{"type":"branch","line":98,"loc":{"start":{"line":98,"column":36},"end":{"line":98,"column":100}},"locations":[{"start":{"line":98,"column":36},"end":{"line":98,"column":100}}]}},"b":{"0":[12],"1":[1],"2":[11],"3":[1],"4":[10],"5":[1],"6":[10],"7":[9],"8":[10],"9":[2],"10":[5],"11":[2],"12":[2],"13":[1],"14":[1],"15":[2],"16":[12],"17":[5],"18":[2],"19":[1],"20":[12],"21":[5],"22":[1],"23":[2],"24":[10],"25":[42]},"fnMap":{"0":{"name":"FindUsers","decl":{"start":{"line":6,"column":0},"end":{"line":109,"column":1}},"loc":{"start":{"line":6,"column":0},"end":{"line":109,"column":1}},"line":6},"1":{"name":"queryFn","decl":{"start":{"line":20,"column":13},"end":{"line":20,"column":68}},"loc":{"start":{"line":20,"column":13},"end":{"line":20,"column":68}},"line":20},"2":{"name":"getNextPageParam","decl":{"start":{"line":22,"column":22},"end":{"line":26,"column":6}},"loc":{"start":{"line":22,"column":22},"end":{"line":26,"column":6}},"line":22},"3":{"name":"handleSearch","decl":{"start":{"line":30,"column":23},"end":{"line":34,"column":4}},"loc":{"start":{"line":30,"column":23},"end":{"line":34,"column":4}},"line":30},"4":{"name":"IntersectionObserver.threshold","decl":{"start":{"line":38,"column":6},"end":{"line":42,"column":8}},"loc":{"start":{"line":38,"column":6},"end":{"line":42,"column":8}},"line":38},"5":{"name":"handleKeyDown","decl":{"start":{"line":58,"column":24},"end":{"line":62,"column":4}},"loc":{"start":{"line":58,"column":24},"end":{"line":62,"column":4}},"line":58},"6":{"name":"onChange","decl":{"start":{"line":71,"column":22},"end":{"line":71,"column":57}},"loc":{"start":{"line":71,"column":22},"end":{"line":71,"column":57}},"line":71}},"f":{"0":12,"1":2,"2":2,"3":2,"4":2,"5":1,"6":2}}
}
